0.520147
0.545788
0.536264
0.534799
0.532601
0.517949
0.518681
0.517949
0.506227
0.506960
0.496703
0.495971
0.490110
0.482784
0.479121
0.481319
0.472528
0.465201
0.464469
0.456410
0.456410
0.456410
0.448352
0.444689
0.429304
0.430037
0.427839
0.433700
0.426374
0.421978
0.419780
0.408791
0.409524
0.406593
0.405861
0.402198
0.398535
0.388278
0.389744
0.383883
0.379487
0.381685
0.375092
0.390476
0.367766
0.361172
0.358242
0.353114
0.347253
0.342857
0.332601
0.327473
0.331136
0.325275
0.321612
0.311355
0.313553
0.301832
0.299634
0.293773
0.282051
0.270330
0.274725
0.265934
0.256410
0.255678
0.247619
0.222711
0.234432
0.237363
0.230037
0.230769
0.227106
0.216850
0.183150
0.219048
0.209524
0.209524
0.205128
0.208791
0.202930
0.206593
0.197802
0.194872
0.189744
0.200000
0.197802
0.194872
0.192674
0.189744
0.183150
0.191941
0.187546
0.187546
0.187546
0.180220
0.173626
0.173626
0.160440
0.165568
0.155311
0.159707
0.155311
0.149451
0.143590
0.139927
0.139927
0.140659
0.127473
0.123077
0.127473
0.130403
0.122344
0.121612
0.117949
0.112088
0.111355
0.109890
0.110623
0.105495
0.105495
0.104762
0.096703
0.089377
0.088645
0.086447
0.083516
0.082784
0.084249
0.076923
0.073260
0.068132
0.072527
0.066667
0.063736
0.059341
0.058608
0.060073
0.055678
0.050549
0.058608
0.047619
0.049084
0.052015
0.046886
0.041758
0.043223
0.039560
0.040293
0.041026
0.037363
0.041026
0.039560
0.041758
0.043956
0.042491
0.036630
0.035165
0.033700
0.031502
0.030037
0.032967
0.035165
0.030037
0.025641
0.021978
0.027106
0.026374
0.021978
0.023443
0.015385
0.021978
0.014652
0.019780
0.017582
0.015385
0.012454
0.014652
0.012454
0.009524
0.016117
0.005128
0.006593
0.011722
0.014652
0.010256
0.016850
0.007326
0.010989
0.013919
0.008059
0.010256
0.009524
0.008791
0.008791
0.011722
0.004396
0.008059
0.008791
0.001465
0.024908
0.006593
0.004396
0.006593
0.005861
0.005861
0.008059
0.005128
0.003663
0.011722
0.011722
0.000000
0.011722
0.005861
0.014652
0.001465
0.011722
0.004396
0.005861
0.013187
0.004396
0.004396
0.008059
0.006593
0.002930
0.006593
0.010989
0.011722
0.005128
0.011722
0.008059
0.014652
0.010256
0.008059
0.009524
0.016850
0.010256
0.012454
0.008791
0.013919
0.035897
0.008791
0.013187
0.011722
0.010256
0.014652
0.014652
0.014652
0.016850
0.021978
0.021245
0.017582
0.017582
0.018315
0.019048
0.025641
0.027839
0.031502
0.025641
0.027839
0.027106
0.029304
0.021978
0.032967
0.026374
0.032967
0.025641
0.032967
0.026374
0.035897
0.029304
0.038828
0.032234
0.036630
0.033700
0.045421
0.030769
0.038828
0.041026
0.041758
0.033700
0.043956
0.031502
0.037363
0.032234
0.040293
0.042491
0.044689
0.043956
0.049817
0.038095
0.048352
0.050549
0.052015
0.057143
0.054212
0.060806
0.058608
0.057143
0.058608
0.062271
0.063004
0.061538
0.070330
0.071795
0.069597
0.069597
0.072527
0.049817
0.080586
0.068132
0.081319
0.087179
0.089377
0.089377
0.088645
0.089377
0.087179
0.085714
0.093773
0.094506
0.095238
0.091575
0.096703
0.093773
0.084982
0.093773
0.092308
0.099634
0.090842
0.091575
0.095238
0.103297
0.101099
0.101832
0.099634
0.104029
0.105495
0.104029
0.113553
0.112088
0.132601
0.113553
0.117216
0.110623
0.114286
0.117216
0.118681
0.112088
0.118681
0.123077
0.123810
0.123810
0.120879
0.125275
0.134799
0.131136
0.131868
0.136264
0.145788
0.146520
0.128938
0.145788
0.143590
0.141392
0.146520
0.155311
0.153114
0.156044
0.164103
0.158242
0.161172
0.176557
0.168498
0.168498
0.172161
0.175092
0.173626
0.178022
0.178022
0.178022
0.185348
0.190476
0.193407
0.194139
0.190476
0.189011
0.200733
0.196337
0.201465
0.205128
0.205861
0.226374
0.209524
0.213187
0.212454
0.217582
0.216117
0.218315
0.219780
0.217582
0.227106
0.230037
0.232234
0.233700
0.237363
0.238095
0.243956
0.250549
0.252015
0.257875
0.263736
0.260073
0.264469
0.268132
0.268132
0.284249
0.280586
0.337729
0.289377
0.283516
0.288645
0.295971
0.301099
0.307692
0.306227
0.304762
0.312821
0.312821
0.326740
0.331136
0.335531
0.334066
0.328938
0.352381
0.339927
0.345788
0.348718
0.355311
0.352381
0.363370
0.365568
0.362637
0.373626
0.375824
0.383150
0.389744
0.389744
0.398535
0.396337
0.390476
0.405128
0.453480
0.408059
0.408791
0.406593
0.414652
0.419780
0.421978
0.426374
0.433700
0.425641
0.432234
0.430769
0.432967
0.438095
0.432234
0.439560
0.440293
0.443223
0.450549
0.452015
0.452015
0.457875
0.457875
0.470330
0.472528
0.470330
0.480586
0.483517
0.484249
0.492308
0.495238
0.511355
0.504762
0.495238
0.502564
0.502564
0.496703
0.501832
0.504762
0.510623
0.515018
0.509158
0.506227
0.517949
0.517949
0.519414
0.515751
0.520147
0.519414
0.529670
0.526007
0.532601
0.527473
0.537729
0.542125
0.542125
0.542125
0.542857
0.542125
0.544322
0.558974
0.554579
0.561172
0.570696
0.564103
0.569963
0.564103
0.567033
0.558974
0.571429
0.572894
0.576557
0.577289
0.577289
0.585348
0.586081
0.594139
0.598535
0.603663
0.604396
0.613187
0.612454
0.616117
0.624908
0.628571
0.627839
0.630769
0.650549
0.636630
0.642491
0.646154
0.638828
0.641758
0.649084
0.648352
0.646154
0.649817
0.655678
0.654945
0.661538
0.662271
0.663736
0.664469
0.663736
0.663004
0.663004
0.679853
0.673260
0.682784
0.686447
0.686447
0.690110
0.693773
0.707692
0.703297
0.712821
0.717949
0.724542
0.726007
0.717216
0.721612
0.735531
0.742125
0.745788
0.754579
0.753114
0.756777
0.764103
0.776557
0.780220
0.783150
0.797802
0.797802
0.807326
0.812454
0.821245
0.830769
0.830037
0.839561
0.848352
0.846154
0.864469
0.867399
0.864469
0.874725
0.882051
0.895238
0.901099
0.923810
0.909890
0.924542
0.926007
0.931136
0.940659
0.941392
0.947253
0.953114
0.961905
0.977289
0.981685
0.989744
1.000000
1.017582
1.026374
1.036630
1.043224
1.046154
1.054945
1.063736
1.065202
1.076923
1.080586
1.089377
1.095238
1.094506
1.107692
1.117216
1.124542
1.126740
1.136996
1.145055
1.154579
1.168498
1.178755
1.195604
1.210256
1.216850
1.222711
1.235897
1.238828
1.254945
1.257143
1.265201
1.280586
1.288645
1.294505
1.307692
1.317949
1.346520
1.334799
1.340659
1.342857
1.351648
1.358242
1.363370
1.363370
1.363370
1.367766
1.376557
1.384615
1.383150
1.388278
1.384615
1.394139
1.385348
1.384615
1.394139
1.401465
1.402930
1.405861
1.414652
1.410256
1.426374
1.423443
1.422711
1.429304
1.426374
1.425641
1.429304
1.437363
1.427106
1.443223
1.438095
1.443223
1.452015
1.449084
1.449817
1.457143
1.454212
1.457143
1.464469
1.467399
1.465934
1.468864
1.476190
1.479121
1.477656
1.488645
1.486447
1.492308
1.504762
1.508425
1.513553
1.503297
1.511355
1.514286
1.513553
1.517216
1.512821
1.520147
1.520147
1.526007
1.531136
1.531136
1.536264
1.538462
1.538462
1.547253
1.536996
1.541392
1.545788
1.541392
1.490842
1.471795
1.571429
1.536264
1.528205
1.526740
1.527473
1.533333
1.534066
1.538462
1.535531
1.540659
1.536996
1.540659
1.550183
1.542125
1.545055
1.554579
1.560440
1.550183
1.561172
1.569231
1.576557
1.580952
1.579487
1.582418
1.592674
1.592674
1.594139
1.602198
1.597802
1.597070
1.601465
1.596337
1.602198
1.608791
1.612454
1.616850
1.619048
1.619048
1.619048
1.623443
1.649084
1.632967
1.630769
1.632967
1.633700
1.634432
1.632235
1.636630
1.644689
1.650550
1.660806
1.665934
1.661539
1.662271
1.663736
1.665202
1.694506
1.669597
1.666667
1.663004
1.670330
1.676923
1.676191
1.678388
1.680586
1.674725
1.680586
1.669597
1.672528
1.673260
1.674725
1.673993
1.676923
1.685714
1.646887
1.677656
1.670330
1.672528
1.674725
1.674725
1.671062
1.674725
1.657876
1.662271
1.668132
1.674725
1.668864
1.664469
1.665934
1.668132
1.662271
1.657143
1.663004
1.663736
1.662271
1.667399
1.665934
1.666667
1.663004
1.652747
1.660073
1.665202
1.662271
1.665934
1.662271
1.667399
1.665934
1.660806
1.660806
1.656410
1.665202
1.667399
1.664469
1.667399
1.668132
1.668132
1.670330
1.676923
1.671795
1.673260
1.673993
1.671062
1.682784
1.691575
1.690110
1.688645
1.697436
1.698901
1.695238
1.698901
1.703297
1.693773
1.698169
1.698901
1.698169
1.695238
1.695238
1.693040
1.692308
1.701099
1.696703
1.696703
1.693773
1.694506
1.697436
1.679854
1.675458
1.678388
1.685714
1.689377
1.682784
1.685714
1.685714
1.690843
1.690843
1.687180
1.687912
1.687180
1.685714
1.678388
1.672528
1.677656
1.668132
1.665202
1.669597
1.633700
1.674725
1.657143
1.644689
1.643224
1.650550
1.648352
1.645421
1.580220
1.646887
1.640293
1.616117
1.619780
1.608791
1.606593
1.602931
1.602931
1.569963
1.619048
1.585348
1.569231
1.595604
1.584615
1.580952
1.579487
1.565568
1.558242
1.551648
1.538462
1.539927
1.531868
1.532601
1.521612
1.522344
1.518681
1.506227
1.509890
1.498901
1.490110
1.488645
1.487912
1.487912
1.477656
1.479121
1.468132
1.465201
1.470330
1.465934
1.476190
1.477656
1.479121
1.484249
1.477656
1.481319
1.479121
1.482784
1.484249
1.489377
1.485714
1.484982
1.490110
1.481319
1.484982
1.482051
1.481319
1.468864
1.473260
1.465934
1.467399
1.467399
1.457875
1.464469
1.469597
1.465201
1.458608
1.464469
1.457875
1.454945
1.452015
1.446154
1.449084
1.449084
1.457143
1.454945
1.456410
1.460073
1.465201
1.461538
1.459341
1.457143
1.461538
1.459341
1.457875
1.463004
1.457875
1.454212
1.455678
1.457143
1.464469
1.454945
1.457875
1.457875
1.463004
1.456410
1.460073
1.457143
1.451282
1.462271
1.457875
1.458608
1.463736
1.461538
1.457875
1.457143
1.457875
1.454945
1.455678
1.457875
1.460073
1.460806
1.462271
1.460073
1.466667
1.467399
1.470330
1.469597
1.473993
1.476923
1.484982
1.483516
1.484982
1.488645
1.495238
1.504762
1.501832
1.504762
1.517949
1.513553
1.520147
1.520147
1.531868
1.539927
1.545788
1.545055
1.550916
1.556777
1.561172
1.569231
1.575092
1.574359
1.580952
1.591941
1.589744
1.596337
1.606593
1.609524
1.617583
1.625641
1.632967
1.629304
1.628572
1.636630
1.632235
1.640293
1.637363
1.641758
1.641758
1.643224
1.651282
1.652015
1.651282
1.656410
1.662271
1.660073
1.668132
1.671062
1.687912
1.684982
1.689377
1.693040
1.700366
1.708425
1.719414
1.720879
1.722344
1.725275
1.724542
1.732601
1.730403
1.725275
1.730403
1.725275
1.724542
1.732601
1.729670
1.730403
1.732601
1.729670
1.736996
1.740659
1.737729
1.737729
1.731136
1.737729
1.731868
1.745055
1.745788
1.744322
1.749451
1.759707
1.695971
1.749451
1.764103
1.769231
1.763370
1.767033
1.772894
1.773626
1.781685
1.781685
1.794872
1.797802
1.808059
1.805861
1.806593
1.823443
1.827839
1.830037
1.832235
1.840293
1.841758
1.848352
1.856410
1.863736
1.864469
1.872528
1.872528
1.876923
1.884982
1.892308
1.896703
1.901832
1.901832
1.906227
1.908425
1.912821
1.918681
1.912821
1.915018
1.919414
1.852015
1.917949
1.925275
1.926007
1.931136
1.929670
1.939194
1.938462
1.945788
1.947985
1.958242
1.949451
1.972161
1.970696
1.972894
1.981685
1.979487
1.981685
1.982418
1.989011
1.991941
1.992674
1.994139
2.004396
1.999267
1.997802
2.002930
2.002198
2.002198
2.006593
2.007326
2.012454
2.015385
2.024909
2.022711
2.027106
2.026374
2.032967
2.038095
2.041758
2.052015
2.048352
2.049817
2.049817
2.060073
2.058608
2.057143
2.061538
2.064469
2.068132
2.067399
2.076923
2.080586
2.084249
2.093773
2.103297
2.109890
2.111355
2.117216
2.116484
2.123810
2.135531
2.139194
2.143590
2.141392
2.150183
2.156044
2.159707
2.158974
2.166300
2.162637
2.167766
2.172894
2.170696
2.181685
2.170696
2.172894
2.172161
2.169231
2.172161
2.175824
2.180953
2.185348
2.186081
2.184615
2.183150
2.190476
2.183883
2.187546
2.188278
2.196337
2.201465
2.194139
2.210257
2.193407
2.267399
2.202930
2.201465
2.205128
2.205861
2.210989
2.219780
2.210257
2.204396
2.206594
2.196337
2.207326
2.198535
2.200733
2.201465
2.197070
2.202930
2.199267
2.210989
2.211722
2.205861
2.213187
2.256410
2.216117
2.213187
2.213919
2.208059
2.208059
2.215385
2.213919
2.216850
2.214652
2.209524
2.210989
2.214652
2.217582
2.217582
2.209524
2.208059
2.202198
2.217582
2.223443
2.220513
2.232967
2.224908
2.238095
2.237363
2.241026
2.229304
2.232234
2.222711
2.219780
2.222711
2.224908
2.226374
2.227106
2.233700
2.225641
2.214652
2.230769
2.232234
2.235165
2.240293
2.236630
2.241758
2.242491
2.241026
2.241026
2.252747
2.256410
2.253480
2.262271
2.263004
2.276923
2.273993
2.268865
2.266667
2.273260
2.266667
2.271795
2.271062
2.279121
2.276191
2.281319
2.276191
2.281319
2.285714
2.287179
2.287179
2.292308
2.295971
2.303297
2.312088
2.315751
2.320147
2.326007
2.334066
2.338462
2.344322
2.346520
2.343590
2.347985
2.347253
2.360440
2.352381
2.356777
2.360440
2.357509
2.368498
2.364103
2.364103
2.364103
2.367766
2.367033
2.373626
2.368498
2.368498
2.379487
2.384615
2.385348
2.396337
2.401465
2.402198
2.405128
2.400000
2.401465
2.398535
2.402930
2.407326
2.404396
2.405128
2.417583
2.419780
2.413919
2.421246
2.426374
2.427839
2.432967
2.441758
2.442491
2.454945
2.442491
2.451282
2.449084
2.449084
2.456410
2.457143
2.460806
2.452015
2.458608
2.465201
2.468864
2.470330
2.462271
2.471062
2.473260
2.471795
2.471062
2.474725
2.477656
2.489377
2.489377
2.489377
2.483516
2.498168
2.491575
2.496703
2.479121
2.494505
2.497436
2.493773
2.501832
2.498168
2.502564
2.501832
2.505495
2.511355
2.504762
2.504029
2.504762
2.468864
2.524542
2.525275
2.520879
2.523077
2.514286
2.517216
2.521612
2.517216
2.513553
2.517216
2.518681
2.517216
2.518681
2.524542
2.530403
2.542857
2.521612
2.519414
2.530403
2.525275
2.532601
2.533333
2.531868
2.539927
2.527472
2.533333
2.530403
2.536996
2.541392
2.545055
2.552381
2.541392
2.547985
2.541392
2.547985
2.545788
2.545788
2.547985
2.542857
2.550916
2.545055
2.544322
2.545055
2.558242
2.561905
2.550183
2.554579
2.560440
2.557509
2.563370
2.560440
2.562637
2.570696
2.573627
2.575092
2.579487
2.573627
2.578022
2.577289
2.574359
2.580220
2.573627
2.578755
2.572894
2.582417
2.584615
2.580952
2.585348
2.580952
2.582417
2.591209
2.597070
2.603663
2.598535
2.604396
2.602931
2.597802
2.605861
2.597070
2.601465
2.592674
2.590476
2.586081
2.587546
2.591941
2.586081
2.584615
2.586081
2.592674
2.593407
2.603663
2.602198
2.606593
2.609524
2.601465
2.604396
2.604396
2.605861
2.615385
2.622711
2.613187
2.613187
2.612454
2.608791
2.616117
2.621978
2.607326
2.617582
2.605128
2.602931
2.601465
2.603663
2.601465
2.590476
2.600000
2.591941
2.587546
2.595604
2.578022
2.586813
2.580220
2.587546
2.585348
2.575092
2.579487
2.566300
2.575092
2.586813
2.574359
2.580952
2.579487
2.584615
2.584615
2.586813
2.581685
2.577289
2.583883
2.578022
2.586813
2.580220
2.589011
2.570696
2.574359
2.571429
2.575092
2.567766
2.567766
2.573627
2.572161
2.569963
2.569963
2.566300
2.575092
2.565568
2.569963
2.575824
2.568498
2.568498
2.581685
2.575092
2.573627
2.575092
2.574359
2.567766
2.564835
2.567766
2.568498
2.567766
2.564835
2.557509
2.567033
2.561905
2.553846
2.549451
2.550916
2.553846
2.553846
2.549451
2.543590
2.550183
2.553846
2.539927
2.545055
2.534799
2.534799
2.541392
2.528938
2.528938
2.522344
2.519414
2.527472
2.516484
2.512088
2.510623
2.506960
2.507692
2.502564
2.505495
2.501099
2.499634
2.501832
2.495971
2.493773
2.499634
2.497436
2.499634
2.504762
2.495971
2.492308
2.490843
2.498901
2.490110
2.498901
2.493773
2.498901
2.498168
2.495971
2.495971
2.500366
2.504029
2.495238
2.495971
2.497436
2.493773
2.495238
2.501832
2.489377
2.499634
2.492308
2.491575
2.501099
2.497436
2.498168
2.505495
2.509158
2.509158
2.506960
2.509158
2.506227
2.498168
2.507692
2.513553
2.506960
2.523077
2.523809
2.504762
2.515751
2.507692
2.512088
2.502564
2.506960
2.504029
2.506960
2.512820
2.501099
2.500366
2.498901
2.500366
2.487180
2.489377
2.483516
2.479854
2.477656
2.483516
2.483516
2.472528
2.475458
2.473993
2.465934
2.473260
2.467399
2.466667
2.460073
2.459341
2.457875
2.447619
2.452747
2.441026
2.438828
2.442491
2.432967
2.430037
2.427106
2.421978
2.422711
2.416117
2.416117
2.423443
2.415385
2.421978
2.424908
2.419780
2.422711
2.419780
2.413919
2.413187
2.409524
2.411722
2.411722
2.410256
2.405861
2.406593
2.405128
2.407326
2.400733
2.401465
2.404396
2.406593
2.398535
2.398535
2.392674
2.383883
2.381685
2.375092
2.373626
2.361172
2.357509
2.360440
2.359707
2.353114
2.353114
2.358242
2.355311
2.356777
2.366300
2.358974
2.350183
2.340659
2.334066
2.334066
2.337729
2.333333
2.323077
2.328205
2.337729
2.330403
2.331136
2.328205
2.334066
2.334066
2.336264
2.336264
2.336264
2.341392
2.353114
2.345055
2.356777
2.354579
2.361172
2.367766
2.369231
2.363370
2.372894
2.375824
2.381685
2.378755
2.385348
2.398535
2.397070
2.386813
2.390476
2.396337
2.410989
2.408791
2.417583
2.421978
2.485714
2.432967
2.436630
2.438095
2.437363
2.445421
2.443223
2.453480
2.454945
2.454945
2.461539
2.471062
2.470330
2.481319
2.476923
2.488645
2.485714
2.481319
2.492308
2.498901
2.502564
2.498168
2.504029
2.501832
2.509158
2.505495
2.511355
2.515018
2.518681
2.516484
2.527472
2.536996
2.543590
2.535531
2.547985
2.554579
2.559707
2.550183
2.565568
2.569963
2.565568
2.568498
2.570696
2.576557
2.574359
2.573627
2.583150
2.579487
2.578022
2.580220
2.571429
2.572161
2.572894
2.571429
2.570696
2.570696
2.561172
2.587546
2.566300
2.565568
2.572161
2.570696
2.564835
2.566300
2.576557
2.575824
2.574359
2.571429
2.572894
2.580220
2.580220
2.581685
2.590476
2.586081
2.590476
2.597802
2.602931
2.595604
2.601465
2.605861
2.600000
2.606593
2.613187
2.611722
2.620513
2.618315
2.621978
2.635165
2.630037
2.628572
2.637363
2.643956
2.646886
2.652015
2.644689
2.651282
2.649084
2.658608
2.653480
2.662271
2.658608
2.669597
2.663736
2.665201
2.662271
2.674725
2.670330
2.667399
2.673993
2.677656
2.681319
2.694505
2.688645
2.684982
2.690843
2.695238
2.693773
2.698169
2.708425
2.711355
2.709890
2.729670
2.714286
2.726007
2.728205
2.731868
2.739194
2.745055
2.745055
2.752381
2.747985
2.750916
2.747253
2.756044
2.762637
2.753846
2.758974
2.758974
2.761905
2.757509
2.762637
2.758974
2.757509
2.756044
2.761172
2.771429
2.773626
2.773626
2.778022
2.772161
2.776557
2.773626
2.776557
2.783150
2.780220
2.780952
2.787546
2.795604
2.781685
2.788278
2.791941
2.799267
2.796337
2.797802
2.807326
2.800733
2.808791
2.802930
2.814652
2.812454
2.807326
2.812454
2.811722
2.808059
2.812454
2.819048
2.828571
2.823443
2.829304
2.825641
2.832967
2.835897
2.824176
2.829304
2.838828
2.838828
2.835165
2.857875
2.839561
2.832967
2.843224
2.843956
2.841026
2.851282
2.840293
2.839561
2.847619
2.849817
2.850549
2.856410
2.854945
2.847619
2.852747
2.847619
2.852747
2.853480
2.846154
2.846886
2.852747
2.848352
2.854213
2.861538
2.863004
2.870330
2.862271
2.879121
2.882051
2.872528
2.873993
2.873260
2.879121
2.874725
2.884249
2.875458
2.893773
2.884249
2.878388
2.882784
2.893040
2.893773
2.898901
2.892308
2.899634
2.910623
2.911355
2.911355
2.913553
2.918681
2.918681
2.917949
2.927473
2.928938
2.917949
2.924542
2.930403
2.935531
2.938462
2.938462
2.931136
2.943590
2.942857
2.920146
2.947253
2.941392
2.953114
2.955311
2.956044
2.962637
2.961172
2.964835
2.973626
2.967766
2.966300
2.974359
2.979487
2.970696
2.968498
2.973626
2.986081
2.978022
2.985348
2.986813
2.984615
2.982418
2.952381
2.992674
2.997070
2.986813
3.000000
2.991941
3.000000
2.997070
3.000000
3.000000
3.000000
3.000000
3.000000
3.000000
3.000000
3.000000
3.000000
3.000000
3.000000
3.000000
3.000000
3.000000
3.000000
3.000000
3.000000
3.000000
3.000000
3.000000
3.000000
3.000000
3.000000
3.000000
3.000000
3.000000
3.000000
3.000000
3.000000
3.000000
3.000000
3.000000
3.000000
3.000000
3.000000
3.000000
3.000000
3.000000
3.000000
3.000000
3.000000
3.000000
3.000000
3.000000
3.000000
3.000000
3.000000
3.000000
3.000000
3.000000
3.000000
3.000000
3.000000
3.000000
3.000000
3.000000
3.000000
3.000000
3.000000
3.000000
3.000000
3.000000
3.000000
3.000000
3.000000
3.000000
3.000000
3.000000
3.000000
3.000000
3.000000
3.000000
3.000000
3.000000
3.000000
3.000000
3.000000
3.000000
3.000000
3.000000
3.000000
3.000000
3.000000
3.000000
3.000000
3.000000
3.000000
3.000000
3.000000
3.000000
3.000000
3.000000
3.000000
3.000000
3.000000
3.000000
3.000000
3.000000
3.000000
3.000000
3.000000
3.000000
3.000000
3.000000
3.000000
3.000000
3.000000
3.000000
3.000000
3.000000
3.000000
3.000000
3.000000
3.000000
3.000000
3.000000
3.000000
3.000000
3.000000
3.000000
3.000000
3.000000
3.000000
3.000000
3.000000
3.000000
3.000000
3.000000
3.000000
3.000000
3.000000
2.999267
3.000000
3.000000
3.000000
2.996337
2.991209
2.990476
2.993407
2.984615
2.989744
2.987546
2.984615
2.982418
2.973626
2.976557
2.972894
2.975824
2.978022
2.970696
2.967033
2.972161
2.970696
2.964835
2.955311
2.954579
2.958242
2.961172
2.951648
2.954579
2.956044
2.952381
2.958242
2.954579
2.956777
2.956777
2.950916
2.957509
2.953114
2.946520
2.950183
2.945787
2.947253
2.947253
2.938462
2.933333
2.941392
2.931136
2.932601
2.933333
2.923077
2.926007
2.923810
2.909158
2.920146
2.913553
2.904762
2.900366
2.898169
2.904762
2.892308
2.903297
2.893773
2.893040
2.898901
2.891575
2.887912
2.891575
2.890842
2.895238
2.887912
2.892308
2.882784
2.873260
2.878388
2.866667
2.877656
2.866667
2.863736
2.860806
2.857143
2.865934
2.861538
2.858608
2.859341
2.849817
2.843224
2.845421
2.833700
2.839561
2.828571
2.831502
2.818315
2.824176
2.819780
2.799267
2.810989
2.807326
2.800733
2.804396
2.800733
2.794872
2.781685
2.786081
2.772161
2.775824
2.767766
2.769963
2.768498
2.759707
2.751648
2.757509
2.752381
2.744322
2.748718
2.742125
2.739927
2.745788
2.734066
2.728205
2.732601
2.719414
2.717949
2.716484
2.715018
2.715018
2.709890
2.706227
2.712821
2.706227
2.704762
2.706227
2.697436
2.696703
2.689377
2.696703
2.690843
2.673993
2.671062
2.668864
2.667399
2.666667
2.665201
2.648352
2.645421
2.648352
2.643956
2.640293
2.630769
2.637363
2.634432
2.630769
2.624176
2.620513
2.629304
2.620513
2.615385
2.604396
2.600000
2.600733
2.585348
2.586813
2.583150
2.575824
2.572894
2.570696
2.566300
2.557509
2.560440
2.555311
2.554579
2.553113
2.543590
2.540659
2.540659
2.541392
2.530403
2.525275
2.523809
2.523809
2.512820
2.510623
2.510623
2.506227
2.495971
2.496703
2.497436
2.502564
2.492308
2.492308
2.489377
2.488645
2.479121
2.489377
2.486447
2.481319
2.486447
2.477656
2.480586
2.473260
2.476923
2.470330
2.471062
2.472528
2.463736
2.463736
2.464469
2.473260
2.460073
2.456410
2.467399
2.463004
2.463004
2.449084
2.459341
2.449084
2.443956
2.441758
2.449817
2.436630
2.441026
2.434432
2.434432
2.425641
2.419048
2.417583
2.407326
2.402930
2.395604
2.395604
2.391942
2.392674
2.388278
2.391209
2.380220
2.388278
2.382418
2.382418
2.383883
2.380952
2.379487
2.370696
2.372161
2.363370
2.353846
2.353846
2.335531
2.334066
2.329670
2.324542
2.327473
2.317216
2.312088
2.313553
2.306960
2.305495
2.295238
2.286447
2.284982
2.279121
2.277656
2.260806
2.243956
2.249084
2.247619
2.237363
2.243223
2.235165
2.221978
2.214652
2.200733
2.187546
2.181685
2.187546
2.175092
2.171429
2.164103
2.159707
2.149451
2.143590
2.138462
2.115018
2.113553
2.106960
2.101831
2.092308
2.083517
2.072527
2.071795
2.063736
2.058608
2.054945
2.041026
2.031502
2.035165
2.018315
2.005861
2.005128
1.994139
1.985348
1.980220
1.977289
1.973626
1.969963
1.964103
1.956044
1.942125
1.936996
1.935531
1.920879
1.915018
1.906227
1.904762
1.899634
1.884249
1.880586
1.874725
1.865934
1.862271
1.862271
1.849084
1.832235
1.831502
1.825641
1.821245
1.805861
1.797070
1.791941
1.776557
1.772161
1.763370
1.756044
1.751648
1.748718
1.740659
1.734066
1.718681
1.719414
1.717216
1.706960
1.695971
1.680586
1.671062
1.665934
1.648352
1.637363
1.632235
1.620513
1.614652
1.600000
1.597802
1.589011
1.575824
1.569231
1.567033
1.563370
1.518681
1.541392
1.534799
1.531136
1.522344
1.515751
1.507692
1.497436
1.490110
1.489377
1.474725
1.460806
1.452747
1.443223
1.438095
1.440293
1.435897
1.424176
1.420513
1.406593
1.402198
1.386081
1.367766
1.357509
1.367033
1.339927
1.330403
1.312821
1.313553
1.293773
1.284982
1.278388
1.268865
1.257143
1.257143
1.251282
1.243956
1.231502
1.211722
1.207326
1.183150
1.176557
1.164103
1.150916
1.150183
1.142125
1.120147
1.123077
1.115018
1.115751
1.102564
1.106227
1.101099
1.098168
1.083516
1.070330
1.071062
1.068864
1.062271
1.060073
1.049817
1.041026
1.035897
1.030769
1.019048
1.010989
1.000000
0.991941
0.993407
0.985348
0.974359
0.967766
0.964103
0.958242
0.955311
0.953114
0.946520
0.932601
0.934066
0.923077
0.920879
0.931136
0.904762
0.896703
0.887179
0.897436
0.891575
0.890843
0.882051
0.885714
0.876191
0.871795
0.863004
0.868132
0.868865
0.857875
0.863004
0.859341
0.849084
0.847619
0.832235
0.836630
0.831502
0.827106
0.819048
0.816117
0.815385
0.808059
0.804396
0.804396
0.825641
0.799267
0.798535
0.793407
0.791941
0.791209
0.792674
0.787546
0.784615
0.786081
0.779487
0.766300
0.769963
0.770696
0.772161
0.775092
0.769231
0.771429
0.778755
0.773626
0.772161
0.773626
0.778755
0.775092
0.775824
0.778022
0.783150
0.776557
0.776557
0.773626
0.764103
0.766300
0.757509
0.762637
0.756044
0.743590
0.736264
0.730403
0.723810
0.723810
0.717949
0.720147
0.717216
0.709158
0.706960
0.701832
0.697436
0.697436
0.637363
0.693040
0.691575
0.685714
0.684249
0.683517
0.684249
0.680586
0.682784
0.678388
0.697436
0.669597
0.667399
0.667399
0.669597
0.664469
0.665934
0.652747
0.652747
0.655678
0.658608
0.661538
0.656410
0.661538
0.652015
0.652015
0.661538
0.653480
0.654212
0.651282
0.645421
0.646154
0.633700
0.641758
0.632234
0.627106
0.626374
0.624908
0.619780
0.616117
0.616850
0.611722
0.609524
0.610256
0.610989
0.607326
0.601465
0.602198
0.606593
0.654212
0.596337
0.594139
0.591941
0.587546
0.582418
0.576557
0.566300
0.558974
0.556044
0.553114
0.551648
0.551648
0.551648
0.549451
0.547253
0.544322
0.543590
0.555311
0.542857
0.544322
0.548718
0.543590
0.536264
0.543590
0.533333
0.534066
0.533333
0.542857
0.528938
0.520147
0.513553
0.510623
0.517949
0.501832
0.511355
0.507692
0.504029
0.499634
0.492308
0.490843
0.476923
0.490843
0.490843
0.485714
0.482784
0.487180
0.484249
0.480586
0.475458
0.451282
0.476191
0.473260
0.471795
0.473993
0.475458
0.473260
0.471795
0.470330
0.471062
0.475458
0.468132
0.466667
0.473260
0.460073
0.463736
0.463736
0.461538
0.463004
0.460073
0.465201
0.463004
0.457143
0.452747
0.457143
0.456410
0.454212
0.452747
0.451282
0.446886
0.453480
0.431502
0.443956
0.444689
0.445421
0.447619
0.447619
0.441026
0.443956
0.440293
0.449084
0.448352
0.441758
0.449817
0.452747
0.448352
0.446154
0.454945
0.456410
0.452015
0.457875
0.462271
0.456410
0.463004
0.461538
0.456410
0.458608
0.459341
0.452747
0.449817
0.451282
0.447619
0.447619
0.444689
0.439560
0.441758
0.436630
0.445421
0.431502
0.429304
0.421978
0.416117
0.413919
0.419780
0.413919
0.415385
0.415385
0.424908
0.420513
0.417582
0.412454
0.416117
0.424176
0.422711
0.424176
0.413919
0.421978
0.417582
0.419048
0.416117
0.417582
0.410989
0.411722
0.411722
0.402198
0.401465
0.396337
0.391209
0.396337
0.393407
0.391941
0.396337
0.390476
0.391209
0.385348
0.389744
0.384615
0.377289
0.386813
0.385348
0.383150
0.375824
0.384615
0.369231
0.369963
0.367766
0.363370
0.357509
0.355311
0.353846
0.346520
0.358974
0.354579
0.351648
0.350916
0.350183
0.350916
0.345055
0.351648
0.350183
0.350183
0.346520
0.344322
0.347253
0.349451
0.344322
0.341392
0.340659
0.339927
0.334799
0.332601
0.323810
0.328938
0.319414
0.312821
0.313553
0.306960
0.301832
0.306960
0.301832
0.293040
0.297436
0.293773
0.284982
0.287179
0.277656
0.288645
0.284982
0.284249
0.288645
0.287179
0.282051
0.276190
0.274725
0.281319
0.276923
0.275458
0.273993
0.270330
0.268864
0.263004
0.262271
0.263004
0.257875
0.254945
0.255678
0.249817
0.244689
0.248352
0.248352
0.252747
0.247619
0.243223
0.244689
0.231502
0.234432
0.226374
0.221978
0.224176
0.219780
0.213919
0.210989
0.214652
0.212454
0.206593
0.206593
0.207326
0.200733
0.189011
0.183150
0.180952
0.172894
0.178022
0.169231
0.170696
0.167033
0.165568
0.159707
0.157509
0.152381
0.153846
0.156044
0.144322
0.144322
0.147253
0.145788
0.146520
0.147985
0.142125
0.146520
0.149451
0.142125
0.150916
0.145055
0.143590
0.139927
0.139194
0.137729
0.134066
0.131136
0.131136
0.135531
0.131868
0.127473
0.128938
0.124542
0.126007
0.124542
0.125275
0.123810
0.128938
0.124542
0.117949
0.115751
0.114286
0.120147
0.112821
0.117949
0.115751
0.109158
0.106960
0.103297
0.102564
0.102564
0.100366
0.101099
0.103297
0.096703
0.096703
0.103297
0.031502
0.087912
0.088645
0.089377
0.085714
0.081319
0.073993
0.079853
0.081319
0.079853
0.073260
0.053480
0.071062
0.071062
0.074725
0.072527
0.074725
0.065201
0.069597
0.071062
0.065934
0.068864
0.063004
0.066667
0.057143
0.070330
0.065201
0.065201
0.062271
0.067399
0.073260
0.071795
0.067399
0.065201
0.070330
0.073260
0.068864
0.073260
0.073260
0.076190
0.070330
0.076190
0.071062
0.073260
0.077656
0.081319
0.081319
0.072527
0.065934
0.076190
0.069597
0.078388
0.074725
0.075458
0.075458
0.075458
0.072527
0.063004
0.065201
0.068864
0.072527
0.068864
0.074725
0.073993
0.068864
0.076190
0.071062
0.081319
0.081319
0.078388
0.079853
0.079853
0.084249
0.082051
0.090110
0.083516
0.073993
0.076190
0.079853
0.082051
0.072527
0.073260
0.079121
0.080586
0.070330
0.075458
0.080586
0.073260
0.075458
0.068864
0.073260
0.068132
0.063004
0.067399
0.063004
0.069597
0.059341
0.064469
0.067399
0.029304
0.063004
0.062271
0.057143
0.060806
0.058608
0.058608
0.051282
0.058608
0.057143
0.052015
0.046154
0.044689
0.051282
0.049817
0.049817
0.054212
0.055678
0.045421
0.046886
0.044689
0.042491
0.047619
0.046886
0.025641
0.038828
0.046886
0.044689
0.043223
0.039560
0.046886
0.046886
0.041758
0.039560
0.044689
0.044689
0.041026
0.035897
0.036630
0.031502
0.035165
0.031502
0.027839
0.033700
0.027106
0.033700
0.024908
0.023443
0.024908
0.027839
0.017582
0.023443
0.019780
0.024908
0.023443
0.023443
0.021245
0.013919
0.020513
0.013919
0.015385
0.011722
0.012454
0.016850
0.016117
0.013919
0.017582
0.010989
0.009524
0.000000
0.013919
0.017582
0.009524
0.008791
0.012454
0.005861
0.011722
0.008059
0.010256
0.007326
0.014652
0.012454
0.007326
0.007326
0.008059
0.004396
0.009524
0.002930
0.009524
0.009524
0.010989
0.006593
0.008791
0.004396
0.008791
0.010256
0.012454
0.008791
0.006593
0.013187
0.005128
0.010256
0.008059
0.008791
0.005861
0.006593
0.007326
0.009524
0.085714
0.000000
0.003663
0.005861
0.008791
0.004396
0.011722
0.012454
0.007326
0.005861
0.011722
0.009524
0.002930
0.005861
0.009524
0.003663
0.005128
0.000000
0.007326
0.000000
0.010989
0.003663
0.009524
0.001465
0.010256
0.000000
0.002198
0.000733
0.004396
0.008791
0.008059
0.005128
0.006593
0.005861
0.004396
0.006593
0.002930
0.007326
0.009524
0.003663
0.005861
0.006593
0.008059
0.009524
0.008791
0.011722
0.010256
0.010989
0.002198
0.006593
0.006593
0.008059
0.008059
0.008791
0.003663
0.010989
0.011722
0.013187
0.002198
0.010256
0.005861
0.001465
0.008791
0.001465
0.007326
0.011722
0.009524
0.010256
0.005861
0.013187
0.012454
0.006593
0.006593
0.016117
0.003663
0.000000
0.013919
0.010256
0.012454
0.011722
0.000733
0.009524
0.002198
0.006593
0.011722
0.007326
0.005861
0.001465
0.016117
0.012454
0.005861
0.008059
0.012454
0.000000
0.015385
0.011722
0.015385
0.014652
0.013919
0.012454
0.016850
0.024908
0.000000
0.023443
0.014652
0.019780
0.017582
0.011722
0.011722
0.017582
0.019048
0.010256
0.017582
0.014652
0.016850
0.013919
0.017582
0.021978
0.008059
0.020513
0.019780
0.020513
0.017582
0.017582
0.013187
0.014652
0.020513
0.020513
0.016850
0.011722
0.017582
0.013919
0.016117
0.021245
0.021978
0.025641
0.019780
0.025641
0.021245
0.017582
0.021245
0.026374
0.021245
0.023443
0.024908
0.021245
0.027839
0.024908
0.027106
0.020513
0.032967
0.036630
0.027106
0.038095
0.030769
0.036630
0.035165
0.033700
0.034432
0.041026
0.035897
0.040293
0.033700
0.037363
0.040293
0.038095
0.042491
0.044689
0.044689
0.042491
0.041758
0.039560
0.043956
0.049084
0.041758
0.041026
0.047619
0.040293
0.041758
0.042491
0.050549
0.039560
0.045421
0.045421
0.041758
0.047619
0.044689
0.048352
0.046886
0.046886
0.049084
0.038095
0.049817
0.043956
0.053480
0.052747
0.056410
0.052015
0.054945
0.057143
0.059341
0.057143
0.063736
0.063736
0.064469
0.064469
0.063736
0.060073
0.051282
0.064469
0.067399
0.071062
0.076923
0.076923
0.076190
0.082051
0.080586
0.080586
0.085714
0.090842
0.089377
0.091575
0.084982
0.086447
0.088645
0.098169
0.093773
0.094506
0.090842
0.090842
0.100366
0.082051
0.090842
0.089377
0.087179
0.087912
0.095238
0.090842
0.087912
0.093773
0.096703
0.098169
0.090842
0.171429
0.104029
0.102564
0.101099
0.095238
0.095238
0.098169
0.096703
0.093773
0.093773
0.095971
0.101099
0.102564
0.103297
0.090842
0.106960
0.110623
0.103297
0.111355
0.100366
0.105495
0.112821
0.107692
0.104762
0.106227
0.109890
0.099634
0.107692
0.106960
0.111355
0.106960
0.115018
0.103297
0.102564
0.156777
0.110623
0.104029
0.105495
0.109158
0.116484
0.105495
0.114286
0.112821
0.110623
0.107692
0.115751
0.117949
0.116484
0.117216
0.115018
0.111355
0.115751
0.112088
0.115751
0.113553
0.114286
0.117949
0.119414
0.117216
0.117216
0.117216
0.110623
0.112088
0.112821
0.104029
0.108425
0.113553
0.111355
0.119414
0.119414
0.109890
0.115018
0.116484
0.119414
0.112821
0.112088
0.115018
0.114286
0.115018
0.115018
0.114286
0.114286
0.117949
0.119414
0.115018
0.118681
0.117949
0.125275
0.117949
0.122344
0.119414
0.117216
0.117949
0.123077
0.122344
0.117216
0.119414
0.116484
0.117949
0.125275
0.121612
0.120147
0.124542
0.119414
0.123077
0.122344
0.123810
0.123810
0.129670
0.120879
0.125275
0.125275
0.126740
0.125275
0.124542
0.119414
0.117216
0.118681
0.117949
0.118681
0.121612
0.121612
0.124542
0.111355
0.109890
0.107692
0.120147
0.111355
0.115018
0.117216
0.119414
0.115018
0.113553
0.117216
0.115751
0.109890
0.114286
0.112088
0.114286
0.101832
0.106227
0.100366
0.101099
0.105495
0.108425
0.102564
0.109158
0.105495
0.106960
0.101832
0.101099
0.104029
0.106227
0.093773
0.094506
0.093773
0.096703
0.101099
0.083516
0.093040
0.085714
0.079853
0.089377
0.086447
0.085714
0.084982
0.096703
0.077656
0.080586
0.087179
0.076190
0.088645
0.082784
0.084982
0.082051
0.085714
0.080586
0.081319
0.083516
0.076190
0.078388
0.080586
0.080586
0.077656
0.077656
0.081319
0.079853
0.078388
0.084982
0.084249
0.082051
0.076190
0.085714
0.087179
0.077656
0.076923
0.076190
0.074725
0.090110
0.071062
0.079121
0.090110
0.068864
0.078388
0.071062
0.074725
0.072527
0.073993
0.078388
0.073260
0.068864
0.067399
0.070330
0.071795
0.070330
0.074725
0.064469
0.071795
0.073993
0.073260
0.073993
0.073993
0.073260
0.097436
0.077656
0.075458
0.073260
0.071795
0.067399
0.076190
0.074725
0.078388
0.073993
0.077656
0.079853
0.080586
0.078388
0.078388
0.082051
0.088645
0.084249
0.088645
0.084249
0.087179
0.086447
0.083516
0.090110
0.095238
0.083516
0.053480
0.084249
0.089377
0.087179
0.087179
0.089377
0.091575
0.089377
0.087179
0.087912
0.082051
0.085714
0.085714
0.087912
0.087179
0.084982
0.081319
0.086447
0.086447
0.081319
0.083516
0.080586
0.084982
0.081319
0.078388
0.070330
0.078388
0.084982
0.083516
0.085714
0.082784
0.080586
0.080586
0.076190
0.085714
0.080586
0.073260
0.073993
0.078388
0.078388
0.079853
0.073993
0.074725
0.071795
0.069597
0.073260
0.071795
0.068132
0.073993
0.071795
0.071062
0.030037
0.077656
0.071795
0.076190
0.073260
0.082051
0.077656
0.077656
0.082784
0.076923
0.074725
0.073993
0.077656
0.073260
0.072527
0.079121
0.077656
0.077656
0.074725
0.072527
0.072527
0.074725
0.073260
0.076923
0.068132
0.072527
0.064469
0.072527
0.071795
0.071795
0.073260
0.075458
0.077656
0.074725
0.074725
0.069597
0.074725
0.071795
0.079121
0.071062
0.071062
0.069597
0.076190
0.073260
0.079853
0.076190
0.076923
0.068864
0.076190
0.083516
0.074725
0.073260
0.080586
0.081319
0.079121
0.083516
0.077656
0.073260
0.082051
0.080586
0.073260
0.082051
0.086447
0.077656
0.078388
0.082051
0.082051
0.087179
0.079853
0.082051
0.079121
0.077656
0.074725
0.076190
0.082051
0.072527
0.077656
0.080586
0.079853
0.087912
0.090842
0.084982
0.094506
0.089377
0.098169
0.079853
0.082784
0.082784
0.080586
0.087179
0.082784
0.084249
0.076923
0.084982
0.076923
0.082051
0.074725
0.073993
0.070330
0.077656
0.076190
0.074725
0.071795
0.073260
0.071795
0.067399
0.071795
0.068864
0.074725
0.071062
0.064469
0.064469
0.066667
0.067399
0.065934
0.063004
0.062271
0.059341
0.060073
0.060073
0.059341
0.049817
0.047619
0.047619
0.049817
0.047619
0.051282
0.043956
0.043956
0.043956
0.048352
0.043223
0.044689
0.042491
0.041026
0.038828
0.035165
0.038095
0.036630
0.039560
0.032234
0.035165
0.039560
0.032234
0.033700
0.032967
0.034432
0.033700
0.035897
0.034432
0.032234
0.024176
0.029304
0.032234
0.027106
0.021245
0.024176
0.027106
0.019048
0.026374
0.023443
0.024908
0.029304
0.023443
0.027106
0.021245
0.027839
0.029304
0.019780
0.021978
0.027839
0.032234
0.030037
0.027839
0.023443
0.027106
0.023443
0.026374
0.028571
0.023443
0.023443
0.024176
0.019048
0.019780
0.030037
0.023443
0.031502
0.023443
0.025641
0.032234
0.060806
0.032234
0.030037
0.031502
0.032234
0.031502
0.035165
0.030037
0.027839
0.030769
0.035165
0.036630
0.032967
0.039560
0.037363
0.033700
0.041758
0.038828
0.034432
0.028571
0.040293
0.038095
0.041758
0.043956
0.036630
0.051282
0.036630
0.043223
0.041026
0.044689
0.046154
0.044689
0.046154
0.041758
0.045421
0.050549
0.046886
0.046886
0.049817
0.049084
0.046154
0.052747
0.053480
0.046886
0.049084
0.054212
0.043956
0.056410
0.052747
0.055678
0.049817
0.056410
0.050549
0.051282
0.055678
0.059341
0.054945
0.063004
0.061538
0.069597
0.066667
0.065201
0.073260
0.065934
0.069597
0.070330
0.073260
0.072527
0.071062
0.080586
0.074725
0.082784
0.073993
0.077656
0.080586
0.079121
0.093773
0.082784
0.082784
0.079121
0.080586
0.079121
0.077656
0.079853
0.082051
0.082784
0.077656
0.077656
