1.858824
1.682353
1.505883
1.329412
1.176471
1.011765
0.858824
0.729412
0.600000
0.482353
0.388235
0.305882
0.223529
0.152941
0.094118
0.047059
0.023529
0.011765
0.011765
0.023529
0.047059
0.082353
0.129412
0.200000
0.270588
0.364706
0.458824
0.564706
0.694118
0.835294
0.976471
1.129412
1.282353
1.458824
1.635294
1.811765
2.011765
2.200000
2.400000
2.611765
2.811765
3.000000
3.000000
3.000000
3.000000
3.000000
3.000000
3.000000
2.541177
2.411765
2.400000
2.400000
2.400000
2.400000
2.400000
2.411765
2.411765
2.411765
2.411765
2.411765
2.411765
2.423529
2.423529
2.423529
2.435294
2.435294
2.435294
2.447059
2.447059
2.447059
2.435294
2.435294
2.435294
2.423529
2.423529
2.423529
2.411765
2.411765
2.411765
2.411765
2.411765
2.400000
2.400000
2.400000
2.400000
2.400000
2.411765
2.423529
2.623529
3.000000
3.000000
3.000000
3.000000
3.000000
3.000000
2.882353
2.682353
2.470588
2.270588
2.070588
1.882353
1.694118
1.517647
1.341177
1.176471
1.023529
0.870588
0.741176
0.611765
0.494118
0.388235
0.294118
0.223529
0.152941
0.105882
0.058824
0.023529
0.011765
0.011765
0.011765
0.035294
0.082353
0.129412
0.188235
0.270588
0.352941
0.458824
0.564706
0.682353
0.823529
0.964706
1.117647
1.282353
1.447059
1.623529
1.800000
2.000000
2.200000
2.388235
2.600000
2.800000
3.000000
3.000000
3.000000
3.000000
3.000000
3.000000
3.000000
2.564706
2.411765
2.400000
2.400000
2.400000
2.400000
2.400000
2.411765
2.411765
2.411765
2.411765
2.411765
2.411765
2.423529
2.423529
2.423529
2.435294
2.435294
2.435294
2.447059
2.447059
2.447059
2.435294
2.435294
2.435294
2.423529
2.423529
2.423529
2.411765
2.411765
2.411765
2.411765
2.411765
2.400000
2.400000
2.400000
2.400000
2.400000
2.411765
2.423529
2.611765
3.000000
3.000000
3.000000
3.000000
3.000000
3.000000
2.882353
2.682353
2.482353
2.282353
2.070588
1.882353
1.694118
1.517647
1.341177
1.188235
1.023529
0.882353
0.729412
0.611765
0.494118
0.388235
0.294118
0.223529
0.152941
0.094118
0.047059
0.023529
0.011765
0.011765
0.023529
0.047059
0.082353
0.129412
0.188235
0.270588
0.352941
0.447059
0.564706
0.682353
0.811765
0.964706
1.105882
1.270588
1.447059
1.623529
1.800000
2.000000
2.188235
2.388235
2.600000
2.800000
3.000000
3.000000
3.000000
3.000000
3.000000
3.000000
3.000000
2.588235
2.411765
2.400000
2.400000
2.400000
2.400000
2.400000
2.400000
2.411765
2.411765
2.411765
2.411765
2.411765
2.423529
2.423529
2.423529
2.435294
2.435294
2.435294
2.447059
2.447059
2.447059
2.435294
2.435294
2.435294
2.423529
2.423529
2.423529
2.411765
2.411765
2.411765
2.411765
2.411765
2.411765
2.400000
2.400000
2.400000
2.400000
2.411765
2.423529
2.588235
3.000000
3.000000
3.000000
3.000000
3.000000
3.000000
2.894118
2.682353
2.482353
2.282353
2.082353
1.894118
1.705882
1.517647
1.352941
1.188235
1.023529
0.882353
0.741176
0.611765
0.505882
0.400000
0.305882
0.223529
0.152941
0.105882
0.058824
0.035294
0.011765
0.011765
0.023529
0.047059
0.082353
0.129412
0.188235
0.258824
0.364706
0.447059
0.541176
0.682353
0.811765
0.952941
1.105882
1.270588
1.447059
1.623529
1.800000
1.988235
2.188235
2.400000
2.588235
2.800000
3.000000
3.000000
3.000000
3.000000
3.000000
3.000000
3.000000
2.576471
2.411765
2.400000
2.400000
2.400000
2.400000
2.400000
2.411765
2.411765
2.411765
2.411765
2.411765
2.411765
2.423529
2.423529
2.423529
2.435294
2.435294
2.435294
2.447059
2.447059
2.447059
2.435294
2.435294
2.435294
2.423529
2.423529
2.411765
2.411765
2.411765
2.411765
2.411765
2.411765
2.400000
2.400000
2.400000
2.400000
2.400000
2.411765
2.423529
2.588235
3.000000
3.000000
3.000000
3.000000
3.000000
3.000000
2.894118
2.694118
2.494118
2.282353
2.082353
1.882353
1.705882
1.529412
1.352941
1.188235
1.035294
0.882353
0.752941
0.623529
0.505882
0.388235
0.305882
0.223529
0.164706
0.094118
0.058824
0.035294
0.011765
0.011765
0.011765
0.035294
0.082353
0.129412
0.188235
0.258824
0.352941
0.447059
0.552941
0.670588
0.811765
0.952941
1.094118
1.270588
1.435294
1.611765
1.788235
1.988235
2.188235
2.376471
2.588235
2.788235
2.988235
3.000000
3.000000
3.000000
3.000000
3.000000
3.000000
2.600000
2.411765
2.400000
2.400000
2.400000
2.400000
2.400000
2.411765
2.411765
2.411765
2.411765
2.411765
2.411765
2.423529
2.423529
2.423529
2.435294
2.435294
2.435294
2.447059
2.447059
2.447059
2.435294
2.435294
2.435294
2.423529
2.423529
2.423529
2.411765
2.411765
2.411765
2.411765
2.411765
2.411765
2.400000
2.400000
2.400000
2.400000
2.411765
2.423529
2.576471
3.000000
3.000000
3.000000
3.000000
3.000000
3.000000
2.905882
2.694118
2.494118
2.294118
2.094118
1.905882
1.705882
1.529412
1.352941
1.188235
1.035294
0.882353
0.752941
0.623529
0.505882
0.400000
0.305882
0.223529
0.152941
0.105882
0.058824
0.035294
0.011765
0.000000
0.011765
0.047059
0.082353
0.129412
0.200000
0.258824
0.352941
0.447059
0.564706
0.682353
0.800000
0.941177
1.094118
1.258824
1.423529
1.611765
1.788235
1.976471
2.176471
2.376471
2.588235
2.776471
3.000000
3.000000
3.000000
3.000000
3.000000
3.000000
3.000000
2.600000
2.411765
2.400000
2.400000
2.400000
2.400000
2.400000
2.411765
2.411765
2.411765
2.411765
2.411765
2.411765
2.423529
2.423529
2.423529
2.435294
2.435294
2.435294
2.447059
2.447059
2.447059
2.435294
2.435294
2.435294
2.423529
2.423529
2.423529
2.411765
2.411765
2.411765
2.411765
2.411765
2.400000
2.400000
2.400000
2.400000
2.400000
2.411765
2.423529
2.576471
3.000000
3.000000
3.000000
3.000000
3.000000
3.000000
2.905882
2.694118
2.494118
2.282353
2.094118
1.905882
1.717647
1.529412
1.352941
1.200000
1.047059
0.894118
0.752941
0.623529
0.505882
0.411765
0.317647
0.223529
0.164706
0.105882
0.058824
0.023529
0.011765
0.000000
0.023529
0.047059
0.082353
0.129412
0.176471
0.247059
0.341176
0.435294
0.552941
0.670588
0.823529
0.952941
1.105882
1.258824
1.435294
1.600000
1.788235
1.988235
2.176471
2.376471
2.576471
2.788235
2.988235
3.000000
3.000000
3.000000
3.000000
3.000000
3.000000
2.611765
2.411765
2.400000
2.400000
2.400000
2.400000
2.400000
2.411765
2.411765
2.411765
2.411765
2.411765
2.411765
2.423529
2.423529
2.423529
2.435294
2.435294
2.435294
2.447059
2.447059
2.447059
2.435294
2.435294
2.435294
2.423529
2.423529
2.423529
2.411765
2.411765
2.411765
2.411765
2.411765
2.411765
2.400000
2.400000
2.400000
2.400000
2.411765
2.423529
2.564706
3.000000
3.000000
3.000000
3.000000
3.000000
3.000000
2.917647
2.705882
2.494118
2.294118
2.105882
1.905882
1.717647
1.541177
1.364706
1.200000
1.035294
0.882353
0.764706
0.623529
0.505882
0.411765
0.317647
0.235294
0.164706
0.105882
0.058824
0.023529
0.011765
0.011765
0.011765
0.047059
0.082353
0.117647
0.188235
0.258824
0.341176
0.435294
0.552941
0.670588
0.800000
0.952941
1.094118
1.258824
1.423529
1.600000
1.788235
1.976471
2.176471
2.364706
2.564706
2.788235
3.000000
3.000000
3.000000
3.000000
3.000000
3.000000
3.000000
2.623529
2.411765
2.400000
2.400000
2.400000
2.400000
2.400000
2.411765
2.411765
2.411765
0.000000
0.000000
0.000000
0.000000
0.000000
0.000000
0.000000
0.000000
0.000000
0.000000
0.000000
0.000000
0.000000
0.000000
0.000000
0.000000
0.000000
0.000000
0.000000
0.000000
0.000000
0.000000
0.000000
0.000000
0.000000
0.000000
0.000000
0.000000
0.000000
0.000000
0.000000
0.000000
0.000000
0.000000
0.000000
0.000000
0.000000
0.000000
0.000000
0.000000
0.000000
0.000000
0.000000
0.000000
0.000000
0.000000
0.000000
0.000000
0.000000
0.000000
0.000000
0.000000
0.000000
0.000000
0.000000
0.000000
0.000000
0.000000
0.000000
0.000000
0.000000
0.000000
0.000000
0.000000
0.000000
0.000000
0.000000
0.000000
0.000000
0.000000
0.000000
0.000000
0.000000
0.000000
0.000000
0.000000
0.000000
0.000000
0.000000
0.000000
0.000000
0.000000
0.000000
0.000000
0.000000
0.000000
0.000000
0.000000
0.000000
0.000000
0.000000
0.000000
0.000000
0.000000
0.000000
0.000000
0.000000
0.000000
0.000000
0.000000
0.000000
0.000000
0.000000
0.000000
0.000000
0.000000
0.000000
0.000000
0.000000
0.000000
0.000000
0.000000
0.000000
0.000000
0.000000
0.000000
0.000000
0.000000
0.000000
0.000000
0.000000
0.000000
0.000000
0.000000
0.000000
0.000000
0.000000
0.000000
0.000000
0.000000
0.000000
0.000000
0.000000
0.000000
0.000000
0.000000
0.000000
0.000000
0.000000
0.000000
0.000000
0.000000
0.000000
0.000000
0.000000
0.000000
0.000000
0.000000
0.000000
0.000000
0.000000
0.000000
0.000000
0.000000
0.000000
0.000000
0.000000
0.000000
0.000000
0.000000
0.000000
0.000000
0.000000
0.000000
0.000000
0.000000
0.000000
0.000000
0.000000
0.000000
0.000000
0.000000
0.000000
0.000000
0.000000
0.000000
0.000000
0.000000
0.000000
0.000000
0.000000
0.000000
0.000000
0.000000
0.000000
0.000000
0.000000
0.000000
0.000000
0.000000
0.000000
0.000000
0.000000
0.000000
0.000000
0.000000
0.000000
0.000000
0.000000
0.000000
0.000000
0.000000
0.000000
0.000000
0.000000
0.000000
0.000000
0.000000
0.000000
0.000000
0.000000
0.000000
0.000000
0.000000
0.000000
0.000000
0.000000
0.000000
0.000000
0.000000
0.000000
0.000000
0.000000
0.000000
0.000000
0.000000
0.000000
0.000000
0.000000
0.000000
0.000000
0.000000
0.000000
0.000000
0.000000
0.000000
0.000000
0.000000
0.000000
0.000000
0.000000
